<?xml version="1.0" encoding="UTF-8"?>
<coverage generated="1564480460119" clover="3.2.0">
  <project timestamp="1564480460119" name="All files">
    <metrics statements="78" coveredstatements="56" conditionals="6" coveredconditionals="5" methods="29" coveredmethods="17" elements="113" coveredelements="78" complexity="0" loc="78" ncloc="78" packages="5" files="8" classes="8">
      <package name="src">
        <metrics statements="6" coveredstatements="0" conditionals="0" coveredconditionals="0" methods="2" coveredmethods="0"/>
        <file name="App.vue" path="C:\Users\Rucoalsu\Desktop\Project\ex-todo\src\App.vue">
          <metrics statements="1" coveredstatements="0" conditionals="0" coveredconditionals="0" methods="1" coveredmethods="0"/>
          <line num="14" count="0" type="stmt"/>
        </file>
        <file name="router.js" path="C:\Users\Rucoalsu\Desktop\Project\ex-todo\src\router.js">
          <metrics statements="5" coveredstatements="0" conditionals="0" coveredconditionals="0" methods="1" coveredmethods="0"/>
          <line num="1" count="0" type="stmt"/>
          <line num="2" count="0" type="stmt"/>
          <line num="3" count="0" type="stmt"/>
          <line num="5" count="0" type="stmt"/>
          <line num="22" count="0" type="stmt"/>
        </file>
      </package>
      <package name="src.components">
        <metrics statements="25" coveredstatements="25" conditionals="0" coveredconditionals="0" methods="3" coveredmethods="3"/>
        <file name="Filter.vue" path="C:\Users\Rucoalsu\Desktop\Project\ex-todo\src\components\Filter.vue">
          <metrics statements="2" coveredstatements="2" conditionals="0" coveredconditionals="0" methods="0" coveredmethods="0"/>
          <line num="23" count="3" type="stmt"/>
          <line num="28" count="1" type="stmt"/>
        </file>
        <file name="NewTodo.vue" path="C:\Users\Rucoalsu\Desktop\Project\ex-todo\src\components\NewTodo.vue">
          <metrics statements="6" coveredstatements="6" conditionals="0" coveredconditionals="0" methods="1" coveredmethods="1"/>
          <line num="14" count="4" type="stmt"/>
          <line num="21" count="2" type="stmt"/>
          <line num="27" count="2" type="stmt"/>
          <line num="28" count="2" type="stmt"/>
          <line num="29" count="2" type="stmt"/>
          <line num="33" count="96" type="stmt"/>
        </file>
        <file name="TodoList.vue" path="C:\Users\Rucoalsu\Desktop\Project\ex-todo\src\components\TodoList.vue">
          <metrics statements="17" coveredstatements="17" conditionals="0" coveredconditionals="0" methods="2" coveredmethods="2"/>
          <line num="46" count="10" type="stmt"/>
          <line num="54" count="1" type="stmt"/>
          <line num="55" count="1" type="stmt"/>
          <line num="58" count="1" type="stmt"/>
          <line num="59" count="1" type="stmt"/>
          <line num="60" count="1" type="stmt"/>
          <line num="63" count="1" type="stmt"/>
          <line num="64" count="1" type="stmt"/>
          <line num="68" count="1" type="stmt"/>
          <line num="69" count="1" type="stmt"/>
          <line num="70" count="1" type="stmt"/>
          <line num="74" count="1" type="stmt"/>
          <line num="79" count="10" type="stmt"/>
          <line num="83" count="10" type="stmt"/>
          <line num="86" count="2" type="stmt"/>
          <line num="91" count="10" type="stmt"/>
          <line num="92" count="10" type="stmt"/>
        </file>
      </package>
      <package name="src.store">
        <metrics statements="4" coveredstatements="0" conditionals="0" coveredconditionals="0" methods="0" coveredmethods="0"/>
        <file name="store.js" path="C:\Users\Rucoalsu\Desktop\Project\ex-todo\src\store\store.js">
          <metrics statements="4" coveredstatements="0" conditionals="0" coveredconditionals="0" methods="0" coveredmethods="0"/>
          <line num="1" count="0" type="stmt"/>
          <line num="2" count="0" type="stmt"/>
          <line num="3" count="0" type="stmt"/>
          <line num="4" count="0" type="stmt"/>
        </file>
      </package>
      <package name="src.store.modules">
        <metrics statements="40" coveredstatements="31" conditionals="6" coveredconditionals="5" methods="21" coveredmethods="14"/>
        <file name="todos.js" path="C:\Users\Rucoalsu\Desktop\Project\ex-todo\src\store\modules\todos.js">
          <metrics statements="40" coveredstatements="31" conditionals="6" coveredconditionals="5" methods="21" coveredmethods="14"/>
          <line num="1" count="1" type="stmt"/>
          <line num="6" count="1" type="stmt"/>
          <line num="8" count="1" type="stmt"/>
          <line num="11" count="1" type="stmt"/>
          <line num="14" count="1" type="stmt"/>
          <line num="17" count="1" type="stmt"/>
          <line num="19" count="1" type="stmt"/>
          <line num="22" count="4" type="stmt"/>
          <line num="23" count="4" type="stmt"/>
          <line num="24" count="6" type="cond" truecount="2" falsecount="0"/>
          <line num="25" count="3" type="stmt"/>
          <line num="30" count="1" type="stmt"/>
          <line num="33" count="2" type="stmt"/>
          <line num="34" count="2" type="cond" truecount="2" falsecount="0"/>
          <line num="35" count="1" type="stmt"/>
          <line num="37" count="1" type="stmt"/>
          <line num="41" count="1" type="stmt"/>
          <line num="42" count="0" type="stmt"/>
          <line num="44" count="1" type="stmt"/>
          <line num="47" count="1" type="stmt"/>
          <line num="48" count="2" type="stmt"/>
          <line num="50" count="1" type="cond" truecount="1" falsecount="1"/>
          <line num="51" count="1" type="stmt"/>
          <line num="55" count="1" type="stmt"/>
          <line num="57" count="1" type="stmt"/>
          <line num="64" count="0" type="stmt"/>
          <line num="65" count="1" type="stmt"/>
          <line num="68" count="0" type="stmt"/>
          <line num="69" count="0" type="stmt"/>
          <line num="72" count="0" type="stmt"/>
          <line num="74" count="0" type="stmt"/>
          <line num="75" count="0" type="stmt"/>
          <line num="77" count="0" type="stmt"/>
          <line num="79" count="0" type="stmt"/>
          <line num="83" count="1" type="stmt"/>
          <line num="91" count="1" type="stmt"/>
          <line num="94" count="1" type="stmt"/>
          <line num="102" count="1" type="stmt"/>
          <line num="105" count="1" type="stmt"/>
          <line num="108" count="1" type="stmt"/>
        </file>
      </package>
      <package name="src.views">
        <metrics statements="3" coveredstatements="0" conditionals="0" coveredconditionals="0" methods="3" coveredmethods="0"/>
        <file name="Home.vue" path="C:\Users\Rucoalsu\Desktop\Project\ex-todo\src\views\Home.vue">
          <metrics statements="3" coveredstatements="0" conditionals="0" coveredconditionals="0" methods="3" coveredmethods="0"/>
          <line num="13" count="0" type="stmt"/>
          <line num="14" count="0" type="stmt"/>
          <line num="15" count="0" type="stmt"/>
        </file>
      </package>
    </metrics>
  </project>
</coverage>
