{"C:\\Users\\Rucoalsu\\Desktop\\Project\\ex-todo\\src\\App.vue": {"path":"C:\\Users\\Rucoalsu\\Desktop\\Project\\ex-todo\\src\\App.vue","statementMap":{"0":{"start":{"line":14,"column":0},"end":{"line":null,"column":-1}}},"fnMap":{"0":{"name":"(anonymous_1)","decl":{"start":{"line":14,"column":0},"end":{"line":null,"column":-1}},"loc":{"start":{"line":14,"column":0},"end":{"line":null,"column":-1}}}},"branchMap":{},"s":{"0":0},"f":{"0":0},"b":{}}
,"C:\\Users\\Rucoalsu\\Desktop\\Project\\ex-todo\\src\\router.js": {"path":"C:\\Users\\Rucoalsu\\Desktop\\Project\\ex-todo\\src\\router.js","statementMap":{"0":{"start":{"line":1,"column":0},"end":{"line":null,"column":-1}},"1":{"start":{"line":2,"column":0},"end":{"line":null,"column":-1}},"2":{"start":{"line":3,"column":0},"end":{"line":null,"column":-1}},"3":{"start":{"line":5,"column":0},"end":{"line":null,"column":-1}},"4":{"start":{"line":22,"column":17},"end":{"line":null,"column":-1}}},"fnMap":{"0":{"name":"(anonymous_0)","decl":{"start":{"line":22,"column":17},"end":{"line":null,"column":-1}},"loc":{"start":{"line":22,"column":17},"end":{"line":null,"column":-1}}}},"branchMap":{},"s":{"0":0,"1":0,"2":0,"3":0,"4":0},"f":{"0":0},"b":{}}
,"C:\\Users\\Rucoalsu\\Desktop\\Project\\ex-todo\\src\\components\\NewTodo.vue": {"path":"C:\\Users\\Rucoalsu\\Desktop\\Project\\ex-todo\\src\\components\\NewTodo.vue","statementMap":{"0":{"start":{"line":26,"column":0},"end":{"line":null,"column":-1}},"1":{"start":{"line":32,"column":0},"end":{"line":null,"column":-1}},"2":{"start":{"line":38,"column":0},"end":{"line":null,"column":-1}}},"fnMap":{"0":{"name":"(anonymous_1)","decl":{"start":{"line":38,"column":0},"end":{"line":null,"column":-1}},"loc":{"start":{"line":38,"column":0},"end":{"line":null,"column":-1}}}},"branchMap":{},"s":{"0":0,"1":0,"2":32},"f":{"0":31},"b":{}}
,"C:\\Users\\Rucoalsu\\Desktop\\Project\\ex-todo\\src\\store\\store.js": {"path":"C:\\Users\\Rucoalsu\\Desktop\\Project\\ex-todo\\src\\store\\store.js","statementMap":{"0":{"start":{"line":1,"column":0},"end":{"line":null,"column":-1}},"1":{"start":{"line":2,"column":0},"end":{"line":null,"column":-1}},"2":{"start":{"line":4,"column":0},"end":{"line":null,"column":-1}},"3":{"start":{"line":8,"column":13},"end":{"line":null,"column":-1}}},"fnMap":{"0":{"name":"(anonymous_0)","decl":{"start":{"line":8,"column":13},"end":{"line":8,"column":26}},"loc":{"start":{"line":8,"column":13},"end":{"line":null,"column":-1}}}},"branchMap":{},"s":{"0":0,"1":0,"2":0,"3":0},"f":{"0":0},"b":{}}
,"C:\\Users\\Rucoalsu\\Desktop\\Project\\ex-todo\\src\\store\\modules\\todos.js": {"path":"C:\\Users\\Rucoalsu\\Desktop\\Project\\ex-todo\\src\\store\\modules\\todos.js","statementMap":{"0":{"start":{"line":1,"column":14},"end":{"line":1,"column":0}},"1":{"start":{"line":4,"column":16},"end":{"line":4,"column":0}},"2":{"start":{"line":7,"column":17},"end":{"line":7,"column":0}},"3":{"start":{"line":10,"column":16},"end":{"line":10,"column":0}}},"fnMap":{"0":{"name":"(anonymous_0)","decl":{"start":{"line":1,"column":14},"end":{"line":1,"column":19}},"loc":{"start":{"line":1,"column":20},"end":{"line":1,"column":0}}}},"branchMap":{},"s":{"0":0,"1":0,"2":0,"3":0},"f":{"0":0},"b":{}}
,"C:\\Users\\Rucoalsu\\Desktop\\Project\\ex-todo\\src\\views\\Home.vue": {"path":"C:\\Users\\Rucoalsu\\Desktop\\Project\\ex-todo\\src\\views\\Home.vue","statementMap":{"0":{"start":{"line":12,"column":0},"end":{"line":null,"column":-1}},"1":{"start":{"line":13,"column":0},"end":{"line":null,"column":-1}}},"fnMap":{"0":{"name":"(anonymous_1)","decl":{"start":{"line":12,"column":0},"end":{"line":null,"column":-1}},"loc":{"start":{"line":12,"column":0},"end":{"line":null,"column":-1}}},"1":{"name":"(anonymous_3)","decl":{"start":{"line":13,"column":0},"end":{"line":null,"column":-1}},"loc":{"start":{"line":13,"column":0},"end":{"line":null,"column":-1}}}},"branchMap":{},"s":{"0":0,"1":0},"f":{"0":0,"1":0},"b":{}}
}
