TN:
SF:C:\Users\Konstantin\Desktop\Project\ex-todo\src\App.vue
FN:14,(anonymous_1)
FNF:1
FNH:0
FNDA:0,(anonymous_1)
DA:14,0
LF:1
LH:0
BRF:0
BRH:0
end_of_record
TN:
SF:C:\Users\Konstantin\Desktop\Project\ex-todo\src\router.js
FN:22,(anonymous_0)
FNF:1
FNH:0
FNDA:0,(anonymous_0)
DA:1,0
DA:2,0
DA:3,0
DA:5,0
DA:22,0
LF:5
LH:0
BRF:0
BRH:0
end_of_record
TN:
SF:C:\Users\Konstantin\Desktop\Project\ex-todo\src\components\NewTodo.vue
FN:34,(anonymous_1)
FNF:1
FNH:1
FNDA:31,(anonymous_1)
DA:14,1
DA:21,0
DA:27,0
DA:29,0
DA:30,0
DA:34,32
LF:6
LH:2
BRF:0
BRH:0
end_of_record
TN:
SF:C:\Users\Konstantin\Desktop\Project\ex-todo\src\components\TodoList.vue
FN:82,(anonymous_1)
FN:85,(anonymous_2)
FNF:2
FNH:2
FNDA:10,(anonymous_1)
FNDA:2,(anonymous_2)
DA:46,10
DA:54,1
DA:55,1
DA:58,1
DA:59,1
DA:60,1
DA:63,1
DA:64,1
DA:68,1
DA:69,1
DA:70,1
DA:74,1
DA:79,10
DA:83,10
DA:86,2
DA:91,10
LF:16
LH:16
BRF:0
BRH:0
end_of_record
TN:
SF:C:\Users\Konstantin\Desktop\Project\ex-todo\src\store\store.js
FNF:0
FNH:0
DA:1,0
DA:2,0
DA:3,0
DA:4,0
LF:4
LH:0
BRF:0
BRH:0
end_of_record
TN:
SF:C:\Users\Konstantin\Desktop\Project\ex-todo\src\store\modules\todos.js
FN:1,(anonymous_0)
FN:6,(anonymous_1)
FN:9,(anonymous_2)
FN:14,(anonymous_3)
FN:17,(anonymous_4)
FN:25,(anonymous_5)
FN:33,(anonymous_6)
FN:38,(anonymous_7)
FN:39,(anonymous_8)
FN:48,(anonymous_9)
FN:56,(anonymous_10)
FN:59,(anonymous_11)
FN:64,(anonymous_12)
FN:65,(anonymous_13)
FN:68,(anonymous_14)
FN:73,(anonymous_15)
FN:84,(anonymous_16)
FN:95,(anonymous_17)
FNF:18
FNH:10
FNDA:0,(anonymous_0)
FNDA:1,(anonymous_1)
FNDA:1,(anonymous_2)
FNDA:1,(anonymous_3)
FNDA:4,(anonymous_4)
FNDA:2,(anonymous_5)
FNDA:0,(anonymous_6)
FNDA:1,(anonymous_7)
FNDA:2,(anonymous_8)
FNDA:1,(anonymous_9)
FNDA:0,(anonymous_10)
FNDA:0,(anonymous_11)
FNDA:0,(anonymous_12)
FNDA:0,(anonymous_13)
FNDA:0,(anonymous_14)
FNDA:1,(anonymous_15)
FNDA:0,(anonymous_16)
FNDA:1,(anonymous_17)
DA:1,1
DA:5,1
DA:7,1
DA:10,1
DA:13,1
DA:15,1
DA:18,4
DA:19,4
DA:20,6
DA:21,3
DA:26,2
DA:27,2
DA:28,1
DA:30,1
DA:34,0
DA:35,0
DA:36,0
DA:39,1
DA:40,2
DA:42,1
DA:43,1
DA:47,1
DA:49,1
DA:56,0
DA:57,1
DA:60,0
DA:61,0
DA:64,0
DA:66,0
DA:68,0
DA:70,0
DA:74,1
DA:82,1
DA:85,0
DA:93,0
DA:96,1
DA:99,1
LF:37
LH:25
BRDA:20,0,0,3
BRDA:20,0,1,3
BRDA:27,1,0,1
BRDA:27,1,1,1
BRDA:42,2,0,1
BRDA:42,2,1,0
BRF:6
BRH:5
end_of_record
TN:
SF:C:\Users\Konstantin\Desktop\Project\ex-todo\src\views\Home.vue
FN:12,(anonymous_1)
FN:13,(anonymous_3)
FNF:2
FNH:0
FNDA:0,(anonymous_1)
FNDA:0,(anonymous_3)
DA:12,0
DA:13,0
LF:2
LH:0
BRF:0
BRH:0
end_of_record
