TN:
SF:C:\Users\Rucoalsu\Desktop\Project\ex-todo\src\App.vue
FN:14,(anonymous_1)
FNF:1
FNH:0
FNDA:0,(anonymous_1)
DA:14,0
LF:1
LH:0
BRF:0
BRH:0
end_of_record
TN:
SF:C:\Users\Rucoalsu\Desktop\Project\ex-todo\src\router.js
FN:22,(anonymous_0)
FNF:1
FNH:0
FNDA:0,(anonymous_0)
DA:1,0
DA:2,0
DA:3,0
DA:5,0
DA:22,0
LF:5
LH:0
BRF:0
BRH:0
end_of_record
TN:
SF:C:\Users\Rucoalsu\Desktop\Project\ex-todo\src\components\NewTodo.vue
FN:44,(anonymous_1)
FNF:1
FNH:1
FNDA:31,(anonymous_1)
DA:25,1
DA:32,0
DA:38,0
DA:44,32
LF:4
LH:2
BRF:0
BRH:0
end_of_record
TN:
SF:C:\Users\Rucoalsu\Desktop\Project\ex-todo\src\store\store.js
FNF:0
FNH:0
DA:1,0
DA:2,0
DA:3,0
DA:4,0
LF:4
LH:0
BRF:0
BRH:0
end_of_record
TN:
SF:C:\Users\Rucoalsu\Desktop\Project\ex-todo\src\store\modules\todos.js
FN:1,(anonymous_0)
FN:5,(anonymous_1)
FN:10,(anonymous_2)
FN:15,(anonymous_3)
FNF:4
FNH:3
FNDA:0,(anonymous_0)
FNDA:1,(anonymous_1)
FNDA:1,(anonymous_2)
FNDA:1,(anonymous_3)
DA:1,1
DA:4,1
DA:6,1
DA:9,1
DA:11,1
DA:14,1
DA:16,1
DA:24,1
LF:8
LH:8
BRF:0
BRH:0
end_of_record
TN:
SF:C:\Users\Rucoalsu\Desktop\Project\ex-todo\src\views\Home.vue
FN:12,(anonymous_1)
FN:13,(anonymous_3)
FNF:2
FNH:0
FNDA:0,(anonymous_1)
FNDA:0,(anonymous_3)
DA:12,0
DA:13,0
LF:2
LH:0
BRF:0
BRH:0
end_of_record
